<?xml version="1.0" encoding="UTF-8"?>
<testng-results ignored="0" total="1" passed="1" failed="0" skipped="0">
  <reporter-output>
  </reporter-output>
  <suite started-at="2023-10-26T02:36:18 BDT" name="Default suite" finished-at="2023-10-26T02:36:20 BDT" duration-ms="2397">
    <groups>
    </groups>
    <test started-at="2023-10-26T02:36:18 BDT" name="Default test" finished-at="2023-10-26T02:36:20 BDT" duration-ms="2397">
      <class name="parsingJsonResponse.ParsingJsonResponseData">
        <test-method signature="testJsonResponse()[pri:1, instance:parsingJsonResponse.ParsingJsonResponseData@7c24b813]" started-at="2023-10-26T02:36:18 BDT" name="testJsonResponse" finished-at="2023-10-26T02:36:20 BDT" duration-ms="2333" status="PASS">
          <reporter-output>
          </reporter-output>
        </test-method> <!-- testJsonResponse -->
      </class> <!-- parsingJsonResponse.ParsingJsonResponseData -->
    </test> <!-- Default test -->
  </suite> <!-- Default suite -->
</testng-results>
