<?xml version="1.0" encoding="UTF-8"?>
<testng-results ignored="0" total="3" passed="3" failed="0" skipped="0">
  <reporter-output>
  </reporter-output>
  <suite started-at="2023-10-05T01:21:29 BDT" name="Default suite" finished-at="2023-10-05T01:21:38 BDT" duration-ms="9939">
    <groups>
    </groups>
    <test started-at="2023-10-05T01:21:29 BDT" name="Default test" finished-at="2023-10-05T01:21:38 BDT" duration-ms="9939">
      <class name="HTTPRequest.HTTPMethods">
        <test-method signature="getUsers()[pri:1, instance:HTTPRequest.HTTPMethods@7bd4937b]" started-at="2023-10-05T01:21:29 BDT" name="getUsers" finished-at="2023-10-05T01:21:37 BDT" duration-ms="8114" status="PASS">
          <reporter-output>
          </reporter-output>
        </test-method> <!-- getUsers -->
        <test-method signature="createUser()[pri:2, instance:HTTPRequest.HTTPMethods@7bd4937b]" started-at="2023-10-05T01:21:37 BDT" name="createUser" finished-at="2023-10-05T01:21:38 BDT" duration-ms="1132" status="PASS">
          <reporter-output>
          </reporter-output>
        </test-method> <!-- createUser -->
        <test-method signature="updateUser()[pri:3, instance:HTTPRequest.HTTPMethods@7bd4937b]" started-at="2023-10-05T01:21:38 BDT" name="updateUser" finished-at="2023-10-05T01:21:38 BDT" depends-on-methods="HTTPRequest.HTTPMethods.createUser" duration-ms="614" status="PASS">
          <reporter-output>
          </reporter-output>
        </test-method> <!-- updateUser -->
      </class> <!-- HTTPRequest.HTTPMethods -->
    </test> <!-- Default test -->
  </suite> <!-- Default suite -->
</testng-results>
